9 0 1 2 33 36 65 179 221 234
5 3 5 9 84 130
7 4 6 10 12 37 52 165
8 7 11 16 17 30 46 49 132
9 8 13 14 20 51 55 155 229 240
8 15 18 26 27 35 59 231 233
10 19 21 22 23 25 31 43 47 94 149
7 24 28 48 67 69 77 151
9 29 40 42 45 66 71 97 178 208
10 32 50 61 70 78 104 120 123 153 175
12 34 38 39 64 68 73 76 81 112 142 215 262
9 41 44 53 82 83 98 100 194 278
11 54 56 57 91 96 111 124 196 223 252 272
10 58 60 113 117 118 119 152 154 206 247
13 62 63 79 86 89 90 93 101 106 126 135 169 183
10 72 74 102 109 114 115 141 143 173 211
10 75 95 129 146 147 235 248 250 266 297
11 80 92 105 122 131 139 145 176 186 189 274
11 85 88 107 121 138 181 182 192 228 270 293
9 87 103 125 128 140 199 205 280 288
14 99 134 144 156 157 158 160 190 201 238 242 251 256 257
8 108 148 150 163 269 283 287 289
7 110 127 137 171 172 174 177
9 116 133 136 166 170 197 219 265 279
7 159 187 188 195 237 255 264
3 161 185 191
5 162 193 198 204 209
5 164 200 202 207 253
10 167 225 226 230 239 254 268 271 291 292
5 168 210 218 222 258
6 180 203 213 214 217 236
6 184 212 220 224 241 243
6 216 227 232 244 282 298
4 245 277 284 295
4 246 259 260 261
4 249 263 267 281
2 273 285
3 275 276 290
2 286 294
2 296 299
0
0
0
0
0
0
0
0
0
0
0
0
0
0
0
0
0
0
0
0
0
0
0
0
0
0
0
0
0
0
0
0
0
0
0
0
0
0
0
0
0
0
0
0
0
0
0
0
0
0
0
0
0
0
0
0
0
0
0
0
