24 0 1 6 12 20 24 63 4329 1111 1666 2820 2854 2863 3160 4506 5454 5679 5831 5954 7590 7759 8019 8232 9997
11 2 3 4 5 7 10 18 25 31 85 3143
9 8 11 29 37 41 47 65 75 647
11 9 14 17 19 28 44 77 79 98 124 233
13 13 15 21 30 46 50 88 103 119 126 202 411 1445
17 16 22 32 48 52 64 66 72 97 104 105 120 127 145 212 419 470
17 23 26 33 36 38 39 55 56 100 113 121 166 172 224 283 341 1199
23 27 34 35 43 51 54 57 58 86 101 114 129 149 160 181 192 196 205 240 265 277 447 592
22 40 53 59 67 71 76 92 95 96 112 118 137 142 346 347 349 396 516 573 637 869 973
22 42 49 60 62 70 83 84 99 122 136 148 162 293 296 344 378 390 448 451 511 531 2107
27 45 61 68 69 73 74 87 109 115 123 131 139 146 151 186 195 197 218 235 251 253 262 282 362 503 537 582
21 78 80 81 91 110 111 116 125 143 153 154 155 206 217 242 287 340 371 491 496 519
21 82 93 106 117 133 140 157 165 176 317 351 374 399 415 426 467 480 547 578 711 819
20 89 90 107 134 135 161 169 179 201 267 269 298 312 315 321 368 439 518 624 694
28 94 108 128 130 132 141 150 168 178 180 211 226 244 246 260 284 316 372 427 453 497 501 556 561 655 849 900 1177
36 102 138 144 147 163 164 167 174 184 189 198 210 234 245 254 263 285 302 307 326 342 381 410 423 458 459 464 485 517 575 617 696 764 796 825 870
28 152 158 173 177 183 193 241 247 248 268 272 329 364 366 401 441 442 455 486 509 566 574 616 638 641 697 722 3227
25 156 159 170 171 185 190 194 199 213 214 222 255 279 433 469 506 543 579 581 587 818 936 966 977 1154
32 175 182 188 200 203 219 223 225 231 264 270 297 299 303 324 348 438 463 483 520 542 607 614 621 651 661 769 788 836 852 953 960
28 187 191 204 228 237 249 259 274 318 325 354 355 424 454 488 657 668 692 717 731 806 882 937 950 1071 1099 1185 6091
24 207 208 209 230 239 278 335 361 370 500 524 549 562 640 732 787 856 940 1105 1181 1399 1503 1522 1648
34 215 216 232 243 290 313 323 332 334 339 376 406 412 418 449 461 481 490 595 727 757 765 767 783 821 823 859 860 889 951 1001 1027 1212 2254
31 220 221 250 252 257 258 292 305 382 414 440 444 471 508 535 631 650 672 695 699 737 749 843 891 990 1010 1079 1106 1235 1268 1289
33 227 229 236 261 266 300 301 310 322 331 337 367 369 379 386 388 398 407 478 495 591 608 622 632 634 652 677 714 730 824 845 946 969
25 238 308 311 345 428 430 475 492 494 505 536 705 742 759 770 826 948 1119 1209 1211 1345 1484 1508 1766 4331
30 256 271 273 281 288 319 320 353 359 387 403 507 538 646 649 725 728 748 752 808 814 857 942 1115 1184 1270 1315 1367 1397 6207
35 275 276 289 338 343 356 358 360 373 384 394 510 512 514 568 583 599 618 658 707 708 712 723 735 754 809 892 894 978 1015 1022 1136 1150 1298 1363
36 280 286 291 294 304 363 391 392 413 532 546 557 585 611 633 645 700 733 755 761 763 776 786 827 828 880 932 983 1266 1287 1323 1327 1350 1428 1635 2338
35 295 314 328 330 350 357 375 383 409 420 452 465 522 539 580 604 613 762 774 797 853 876 898 1018 1112 1153 1227 1237 1255 1464 1473 1653 1665 1868 2436
34 306 309 365 380 400 565 567 609 628 639 643 673 830 884 923 967 992 1008 1072 1077 1078 1311 1318 1347 1375 1404 1449 1470 1550 1607 1615 1638 1651 1993
41 327 336 385 435 437 466 468 545 560 564 584 600 603 623 635 669 716 744 772 801 807 829 847 885 890 897 959 1005 1017 1279 1305 1316 1361 1385 1446 1454 1540 1551 1559 1596 1627
37 333 352 389 393 397 402 408 425 431 472 473 521 527 529 533 559 588 812 840 864 867 935 963 1183 1277 1281 1333 1393 1396 1655 1672 1697 1739 1791 1864 1911 2507
40 377 395 404 421 422 434 443 456 484 499 525 569 594 644 686 693 802 844 887 985 1013 1033 1043 1065 1101 1107 1110 1155 1475 1479 1527 1543 1634 1705 1714 1801 1954 1991 2155 2480
36 405 416 417 429 432 462 489 513 530 550 576 597 615 636 642 664 680 683 756 842 875 913 921 1019 1031 1061 1129 1254 1263 1288 1295 1313 1369 1533 1637 1778
45 436 446 457 540 571 589 606 630 674 685 734 739 753 777 782 838 920 998 1088 1195 1213 1225 1230 1252 1284 1296 1332 1501 1703 1857 1900 1951 1974 2095 2203 2308 2311 2441 2448 2481 2530 2532 2565 2661 3444
41 445 450 460 479 498 504 515 541 572 610 619 620 648 709 710 713 729 758 775 803 834 905 912 944 945 988 1006 1041 1331 1357 1372 1509 1518 1786 1881 1891 1928 1946 1990 2249 2504
37 474 476 477 487 502 555 590 598 662 670 689 715 718 741 751 815 903 904 955 958 976 1026 1084 1086 1108 1297 1378 1474 1486 1601 1629 1678 1690 1738 1773 1793 1851
43 482 493 523 528 544 548 563 593 605 653 675 679 684 690 720 743 778 781 799 805 831 866 914 938 982 999 1058 1075 1090 1157 1159 1162 1232 1328 1337 1731 1765 1820 2008 2031 2099 2157 2217
43 526 534 551 656 659 676 678 706 721 740 791 794 800 822 858 863 877 895 917 947 981 1046 1161 1169 1201 1216 1234 1274 1324 1381 1432 1443 1447 1529 1576 1580 1594 1727 1967 2007 2016 2103 4087
37 552 665 667 779 784 851 871 878 881 893 911 918 954 965 1047 1050 1073 1087 1116 1164 1180 1202 1455 1478 1546 1686 1812 1939 1943 1975 1981 2041 2059 2067 2134 2149 2451
49 553 554 626 627 629 663 682 703 704 745 760 771 789 790 793 798 832 855 861 1029 1068 1094 1122 1173 1221 1224 1231 1240 1273 1334 1335 1343 1388 1506 1912 1997 2109 2160 2197 2211 2257 2261 2357 2371 2456 2467 2528 2561 3595
40 558 570 596 612 701 702 736 738 780 792 833 865 907 909 916 984 1052 1054 1057 1063 1114 1117 1156 1190 1200 1208 1251 1356 1374 1583 1628 1682 1728 1800 1834 1916 2105 2213 2215 2288
43 577 660 839 846 854 874 896 899 902 943 972 974 1002 1032 1034 1085 1102 1170 1261 1352 1413 1416 1488 1502 1578 1613 1649 1684 1696 1722 1729 1979 2074 2079 2162 2177 2248 2510 2567 2572 2634 2783 2936
41 586 601 625 687 747 750 768 873 879 883 886 924 986 1147 1166 1249 1272 1336 1338 1366 1376 1523 1561 1569 1591 1617 1646 1755 1982 1989 1995 2046 2104 2214 2264 2268 2329 2431 2493 2494 2518
37 602 654 666 816 862 906 908 926 964 987 991 1000 1044 1091 1128 1145 1146 1171 1346 1391 1400 1426 1476 1528 1534 1586 1669 1815 1958 2093 2143 2306 2380 2386 2406 2497 5255
38 671 688 698 773 810 811 817 850 888 901 925 933 997 1003 1023 1056 1103 1137 1142 1246 1286 1291 1355 1362 1384 1481 1497 1500 1514 1538 1626 1716 1718 1762 1798 1875 1921 2084
36 681 691 724 726 766 785 795 813 837 841 848 868 872 922 989 1070 1135 1265 1379 1394 1438 1463 1510 1513 1570 1633 1685 1790 1811 1874 1930 2075 2267 2291 2349 2423
44 719 746 804 915 928 930 939 941 980 995 1020 1045 1069 1074 1097 1303 1321 1401 1406 1451 1457 1458 1511 1517 1537 1571 1581 1611 1640 1645 1702 1733 1910 2089 2102 2210 2250 2405 2533 2571 2667 2668 2678 2907
40 820 835 910 919 927 996 1007 1011 1096 1121 1126 1176 1188 1223 1353 1382 1383 1392 1403 1456 1480 1565 1619 1625 1663 1687 1782 1827 1869 1878 1947 1957 2054 2088 2094 2119 2189 2273 2296 2388
35 929 931 949 956 975 1009 1028 1039 1118 1168 1172 1214 1215 1262 1294 1308 1341 1351 1450 1471 1563 1582 1605 1624 1658 1699 1841 1859 1877 1937 2123 2170 2367 2786 4659
43 934 952 970 979 1012 1064 1081 1082 1083 1092 1120 1144 1182 1280 1314 1358 1409 1439 1453 1469 1495 1584 1654 1763 1806 1940 1955 1984 1987 1992 2002 2117 2174 2282 2294 2302 2398 2559 2627 2670 2716 2719 2894
40 957 961 968 971 1004 1089 1104 1158 1163 1244 1292 1418 1452 1461 1494 1496 1536 1616 1632 1720 1732 1743 1884 1901 1945 1949 2172 2336 2340 2376 2383 2422 2505 2537 2544 2556 2582 2587 2611 2681
48 962 993 994 1014 1016 1025 1042 1131 1133 1138 1149 1151 1174 1193 1194 1218 1226 1248 1290 1319 1320 1402 1459 1482 1498 1504 1507 1530 1567 1598 1606 1623 1652 1656 1803 1844 1850 1922 1953 2025 2072 2115 2345 2385 2400 2444 2523 2895
36 1021 1024 1049 1053 1055 1132 1207 1228 1233 1436 1483 1489 1552 1636 1673 1706 1710 1748 1757 1775 1814 1843 1902 1966 1978 2063 2065 2269 2275 2487 2498 2585 2594 2623 2659 3082
42 1030 1035 1036 1037 1051 1059 1076 1093 1098 1127 1189 1206 1371 1389 1460 1467 1535 1713 1780 1845 1931 1977 2023 2035 2073 2190 2196 2199 2284 2285 2328 2360 2393 2454 2478 2501 2514 2516 2616 2620 2630 2879
41 1038 1040 1060 1066 1067 1080 1095 1160 1167 1203 1219 1259 1301 1307 1326 1564 1647 1650 1744 1771 1829 1832 1876 2108 2110 2164 2259 2319 2361 2438 2449 2503 2597 2638 2718 2731 2778 2796 2807 2850 2925
39 1048 1062 1100 1123 1124 1152 1165 1178 1198 1222 1238 1242 1256 1349 1360 1395 1405 1490 1553 1661 1664 1781 1789 1903 2022 2112 2180 2377 2421 2443 2545 2553 2709 2751 2814 2901 2942 2994 3116
42 1109 1113 1139 1140 1192 1220 1236 1250 1282 1299 1304 1306 1419 1526 1680 1695 1747 1870 1879 1892 1894 1905 1918 1950 1973 2113 2128 2131 2133 2216 2277 2362 2366 2486 2819 2848 2862 2881 2902 2956 2957 2980
47 1125 1130 1134 1148 1175 1197 1210 1217 1229 1243 1245 1253 1258 1269 1302 1309 1329 1493 1544 1585 1698 1774 1819 1830 1840 1858 1941 2029 2070 2087 2118 2127 2159 2222 2356 2363 2427 2434 2626 2691 2703 2749 2776 2789 2804 2809 2810
48 1141 1143 1186 1191 1196 1239 1241 1276 1300 1322 1342 1344 1354 1423 1427 1532 1548 1630 1642 1721 1742 1761 1783 1828 1848 1886 1906 2026 2047 2192 2344 2455 2458 2461 2471 2579 2824 2856 2866 2885 2915 2959 2985 3038 3057 3107 3952 4964
43 1179 1187 1204 1205 1247 1257 1283 1293 1310 1317 1431 1516 1557 1708 1799 1825 1914 1936 2019 2185 2193 2231 2270 2272 2402 2488 2515 2543 2588 2612 2729 2732 2784 2812 2834 2844 2904 2999 3008 3024 3048 3080 4131
40 1260 1264 1340 1368 1370 1433 1435 1444 1524 1589 1618 1621 1662 1667 1701 1719 1726 1736 1741 1823 1970 2045 2081 2208 2240 2317 2347 2374 2392 2437 2483 2491 2618 2706 2712 2737 2781 2791 2952 3767
42 1267 1278 1325 1373 1411 1485 1545 1549 1622 1688 1889 1899 1935 1960 1962 1968 2010 2014 2015 2034 2111 2181 2200 2292 2453 2460 2476 2529 2566 2575 2669 2694 2721 2779 2828 2829 2911 2968 2969 3006 3021 9860
43 1271 1275 1339 1380 1390 1412 1414 1420 1477 1519 1525 1643 1671 1694 1709 1723 1749 1796 1838 1853 1866 1927 2130 2187 2219 2227 2229 2246 2271 2407 2484 2605 2619 2896 2964 2978 3014 3072 3092 3101 3106 3436 9154
47 1285 1407 1410 1421 1429 1441 1465 1487 1515 1547 1602 1610 1668 1679 1849 1867 1908 1915 1919 1929 1952 1963 2033 2060 2125 2206 2224 2226 2299 2307 2321 2596 2602 2662 2665 2700 2742 2764 2905 2987 2991 3083 3138 3157 3159 3188 3232
50 1312 1330 1348 1365 1377 1398 1417 1422 1430 1440 1521 1541 1555 1603 1620 1683 1692 1724 1754 1797 1847 1856 1873 1885 1887 2006 2043 2173 2290 2473 2580 2598 2641 2650 2773 2787 2875 2884 2953 2962 2976 3015 3041 3045 3062 3074 3120 3285 3386 3580
47 1359 1364 1415 1442 1448 1462 1542 1562 1593 1609 1676 1693 1792 1986 1988 2068 2120 2121 2148 2165 2204 2220 2300 2348 2387 2419 2432 2447 2466 2521 2754 2886 2974 3000 3087 3133 3140 3219 3224 3237 3274 3289 3467 3468 3530 3826 4058
46 1386 1387 1424 1468 1491 1499 1505 1588 1592 1674 1707 1725 1735 1837 2009 2030 2050 2066 2114 2171 2237 2278 2315 2341 2364 2411 2425 2445 2723 2750 2898 2958 3017 3032 3097 3135 3163 3208 3214 3226 3349 3355 3366 3472 3517 4188
48 1408 1425 1437 1492 1520 1554 1558 1560 1575 1639 1657 1689 1730 1767 1802 1861 1880 1920 1933 1934 1948 2017 2032 2287 2326 2475 2568 2593 2660 2684 2696 2733 2861 2880 2932 3023 3084 3112 3141 3154 3168 3197 3202 3345 3381 3422 3504 4275
46 1434 1466 1472 1512 1531 1590 1608 1612 1659 1677 1777 1810 1836 1871 1872 2021 2052 2100 2178 2188 2262 2276 2314 2316 2342 2369 2527 2645 2697 2714 2806 2839 3046 3077 3093 3115 3165 3239 3308 3404 3421 3474 3529 3540 3555 3808
44 1539 1556 1566 1595 1597 1600 1604 1631 1750 1759 1770 1852 2011 2020 2040 2056 2080 2082 2151 2251 2256 2283 2327 2333 2379 2592 2639 2676 2726 2827 2871 2934 3002 3022 3066 3070 3098 3148 3161 3173 3279 3403 3531 4585
40 1568 1573 1577 1614 1644 1681 1740 1760 1784 1821 1839 1883 1898 1971 1972 2004 2044 2077 2225 2245 2309 2312 2420 2490 2492 2621 2628 2655 2831 2865 2883 2926 2927 2938 2990 3030 3059 3071 3375 3399
49 1572 1574 1599 1660 1670 1675 1691 1715 1737 1822 1888 1904 1996 2083 2097 2132 2183 2397 2408 2416 2424 2464 2540 2549 2632 2653 2663 2690 3085 3244 3252 3337 3357 3395 3413 3469 3521 3542 3559 3578 3588 3653 3664 3796 3816 3829 3857 3913 4347
39 1579 1587 1704 1734 1745 1756 1923 1932 1998 2027 2061 2078 2122 2355 2373 2382 2404 2413 2581 2658 2695 2757 2899 3056 3068 3217 3230 3270 3483 3572 3661 3687 3697 3760 3868 3870 3876 4014 4361
41 1641 1700 1758 1772 1787 1794 1804 1854 1865 1882 1895 1897 1980 2028 2071 2116 2124 2260 2354 2370 2428 2704 2708 2821 2869 2882 3007 3189 3200 3221 3307 3351 3354 3369 3451 3457 3522 3570 3642 4171 4576
48 1711 1712 1753 1776 1795 1913 1961 1994 2053 2057 2064 2106 2194 2207 2230 2255 2325 2389 2390 2463 2500 2534 2560 2683 2939 2979 3013 3102 3184 3248 3253 3263 3282 3294 3338 3397 3426 3438 3498 3510 3527 3607 3645 3734 3872 3901 4037 5561
38 1717 1746 1751 1835 1855 1890 1907 1917 1944 2001 2039 2055 2062 2076 2092 2153 2184 2235 2324 2372 2462 2485 2508 2564 2625 2688 2702 2816 3029 3053 3081 3111 3196 3207 3218 3305 3334 3810
50 1752 1764 1768 1779 1809 1818 1985 2013 2024 2036 2137 2179 2233 2281 2337 2509 2513 2522 2643 2656 2666 2671 2893 2949 3047 3113 3129 3319 3327 3371 3372 3378 3414 3445 3523 3561 3577 3586 3627 3655 3710 3719 3931 3956 3970 4063 4097 4364 4901 8311
53 1769 1807 1842 1862 1964 2000 2037 2048 2058 2138 2212 2238 2266 2298 2313 2499 2511 2525 2547 2646 2647 2685 2686 2724 2730 2759 3061 3096 3108 3301 3409 3458 3499 3512 3602 3718 3737 3750 3823 3861 3947 3948 3998 4150 4270 4346 4380 4384 4548 4699 4762 4871 5284
43 1785 1788 1805 1909 2005 2051 2085 2144 2154 2195 2232 2247 2274 2303 2331 2415 2474 2495 2539 2577 2589 2615 2657 2739 2741 2753 2837 2888 2889 2929 2972 2988 3012 3052 3089 3178 3257 3311 3328 3406 3554 3634 3708
46 1808 1813 1816 1860 1863 1926 1969 2018 2096 2129 2135 2142 2161 2280 2289 2320 2412 2465 2502 2520 2546 2551 2576 2631 2692 2727 2740 2792 2798 2910 2941 2997 3031 3142 3206 3223 3309 3352 3478 3614 3649 3652 3663 3668 3748 3818
51 1817 1824 1826 1831 1924 1956 1976 2003 2049 2101 2126 2136 2158 2175 2176 2243 2286 2426 2548 2590 2606 2610 2617 2675 2682 2967 2970 3004 3088 3204 3222 3231 3245 3255 3276 3296 3358 3374 3424 3447 3450 3459 3493 3547 3583 3589 3601 3633 3758 3769 4254
48 1833 1846 1893 1896 1938 1983 2012 2042 2140 2168 2221 2239 2279 2301 2322 2403 2562 2654 2680 2720 2743 2761 2944 3220 3250 3271 3370 3376 3418 3419 3466 3621 3714 3725 3874 3900 3994 3996 4012 4155 4228 4237 4257 4274 4345 4353 4418 4644
40 1925 2086 2145 2169 2218 2258 2323 2334 2409 2794 2832 2892 2900 3011 3251 3284 3393 3441 3477 3599 3650 3776 3822 3853 3964 3966 4007 4041 4173 4176 4326 4360 4369 4517 4561 4683 4791 4832 4881 4916
44 1942 2069 2141 2147 2166 2167 2201 2242 2310 2318 2375 2457 2542 2558 2595 2705 2780 2790 2800 2811 2845 2872 2945 2951 2975 3162 3261 3342 3365 3433 3497 3593 3624 3691 3727 3752 3842 3940 3946 3957 4135 4235 4256 4300
48 1959 1965 1999 2090 2182 2186 2236 2295 2346 2352 2359 2410 2470 2477 2538 2552 2629 2651 2699 2802 2817 2833 3054 3067 3073 3137 3193 3329 3428 3475 3485 3509 3526 3538 3613 3676 3699 3713 3848 3859 3909 3958 3962 4268 4339 4419 4512 4625
49 2038 2091 2146 2191 2241 2263 2304 2526 2535 2555 2609 2745 2853 2931 2943 2947 2986 3020 3121 3146 3317 3416 3446 3495 3568 3657 3799 3805 3820 3824 3852 3916 3969 4024 4029 4121 4210 4255 4319 4320 4367 4381 4411 4479 4518 4600 4682 4712 4775
53 2098 2139 2152 2198 2205 2244 2343 2353 2384 2401 2429 2531 2574 2748 2774 2788 2843 2909 2913 2923 2946 2998 3010 3065 3132 3321 3368 3437 3461 3525 3639 3641 3773 3790 3792 3843 3933 3965 3980 3995 4038 4042 4075 4138 4196 4222 4287 4516 4635 4707 4708 4789 6614
52 2150 2156 2202 2228 2252 2253 2293 2339 2358 2391 2394 2433 2435 2601 2613 2624 2725 2760 2808 2818 2826 2842 2903 2981 2982 3026 3034 3043 3109 3125 3293 3325 3394 3539 3564 3569 3591 3597 3626 3688 3706 3712 3717 3779 3800 3840 3906 3918 4111 4184 4502 6148
48 2163 2209 2265 2297 2305 2335 2395 2430 2439 2450 2489 2679 2689 2722 2735 2867 2878 2897 2984 3246 3382 3389 3463 3567 3574 3576 3594 3638 3690 3732 3736 3738 3739 3749 3768 3838 3841 3938 4008 4020 4026 4552 4674 4680 4685 4690 4747 6301
46 2223 2234 2330 2350 2469 2479 2506 2519 2569 2591 2637 2642 2744 2797 2917 2919 2924 2928 2935 2948 3078 3094 3136 3390 3401 3464 3470 3552 3571 3596 3728 3751 3789 3809 3924 3935 4013 4039 4108 4271 4291 4490 4532 4540 4643 4678
40 2332 2351 2365 2396 2418 2459 2468 2536 2541 2707 2763 2825 2852 2891 2977 3095 3175 3269 3344 3377 3400 3432 3549 3550 3566 3600 3617 3658 3673 3729 3930 3936 3959 3979 3985 4337 4352 4437 4539 4556
44 2368 2378 2381 2399 2472 2482 2524 2599 2608 2644 2674 2960 3018 3058 3110 3124 3127 3147 3199 3646 3684 3692 3786 3886 3891 3973 4056 4102 4133 4208 4283 4296 4449 4450 4459 4531 4580 4584 4590 4592 4714 4767 4875 4962
51 2414 2417 2442 2512 2570 2573 2578 2622 2673 2687 2728 2738 2771 2799 2835 2846 2857 2859 2877 2887 2973 3003 3028 3063 3152 3180 3211 3213 3287 3343 3359 3408 3473 3535 3615 3666 3689 3726 3793 3862 3910 3943 3988 3993 4197 4297 4354 4586 4594 4821 5885
50 2440 2452 2496 2554 2557 2583 2614 2633 2664 2677 2710 2838 2868 2920 2983 3090 3130 3144 3194 3273 3310 3314 3415 3502 3507 3585 3605 3662 3723 3740 3754 3761 3787 3788 3864 3977 3990 4000 4036 4061 4105 4224 4407 4412 4422 4461 4526 4605 5273 9895
49 2446 2517 2550 2563 2604 2640 2693 2701 2746 2747 2762 2770 2801 2937 2955 2989 3035 3055 3131 3228 3360 3879 3941 3942 4011 4072 4074 4103 4191 4406 4438 4482 4541 4618 4668 4709 4755 4810 4971 5039 5316 5342 5391 5430 5466 5473 5591 5638 6441
48 2584 2586 2607 2636 2648 2649 2715 2736 2752 2755 2768 2775 2782 2873 2950 2961 3069 3086 3105 3134 3174 3290 3449 3609 3672 3677 3747 3814 3884 3885 3890 3915 3967 4016 4022 4269 4336 4613 4733 4783 4840 4841 4872 4954 4956 4998 5033 5320
51 2600 2635 2652 2698 2711 2756 2767 2815 2840 2908 3103 3122 3158 3167 3215 3229 3262 3277 3313 3435 3456 3629 3778 3807 3812 3828 3888 3920 3983 4059 4094 4372 4399 4405 4451 4528 4558 4572 4620 4663 4705 4721 5009 5092 5161 5216 5227 5240 5269 5392 6422
47 2603 2672 2713 2765 2766 2769 2841 2912 2918 2992 3037 3100 3156 3166 3176 3191 3241 3303 3356 3508 3514 3616 3674 3837 3869 3880 3928 3945 3976 3999 4073 4142 4206 4209 4242 4267 4366 4416 4571 4615 4619 4695 4811 4866 4965 4977 5486
50 2717 2734 2772 2777 2813 2836 2847 2860 2906 2914 2916 2966 3001 3019 3040 3079 3114 3275 3297 3330 3379 3407 3553 3834 3846 4019 4032 4090 4109 4157 4226 4240 4453 4475 4498 4499 4554 4563 4569 4729 4790 4907 4927 4984 4995 5032 5042 5204 5723 6014
41 2758 2785 2855 2858 2876 2930 3033 3049 3151 3164 3185 3192 3212 3234 3286 3298 3364 3453 3543 3981 4045 4080 4106 4118 4162 4187 4202 4220 4233 4427 4439 4463 4624 4741 4877 4890 4895 4897 4923 5002 5193
40 2793 2874 2933 3005 3009 3050 3118 3182 3243 3254 3300 3304 3320 3494 3548 3622 3974 4113 4149 4207 4321 4357 4359 4513 4604 4686 4731 4744 4780 4848 4905 4908 4936 4961 4973 5021 5050 5054 5208 9403
45 2795 2890 2940 2963 2965 2971 3036 3091 3170 3195 3205 3242 3280 3315 3545 3631 3695 3759 3771 3923 3926 3963 3978 4033 4043 4085 4299 4305 4330 4333 4429 4445 4484 4920 5019 5120 5180 5300 5337 5344 5386 5432 5470 5674 5921
40 2803 3025 3060 3064 3139 3177 3225 3272 3299 3341 3362 3398 3430 3434 3454 3484 3488 3584 3819 3849 3889 3896 3961 4051 4054 4070 4234 4245 4253 4265 4462 4608 4681 4688 4798 4827 4947 5007 5065 5107
47 2805 2823 2830 2864 2954 3027 3044 3051 3099 3126 3186 3203 3281 3318 3336 3340 3392 3402 3490 3515 3635 3685 3686 3700 3721 3753 3895 3960 4010 4023 4086 4143 4154 4198 4203 4403 4409 4426 4468 4505 4646 4666 4698 4735 4771 4793 4915
47 2822 2851 2993 3104 3171 3181 3312 3316 3367 3380 3391 3412 3520 3528 3608 3670 3794 3795 3817 3893 3944 4098 4112 4125 4129 4146 4164 4261 4285 4301 4308 4324 4342 4362 4485 4510 4593 4631 4664 4702 4746 4820 4913 4940 4963 4978 5211
51 2849 2921 2922 2996 3075 3119 3169 3172 3259 3278 3331 3347 3439 3465 3480 3500 3532 3544 3603 3863 3955 4212 4293 4294 4343 4351 4373 4448 4488 4522 4525 4555 4623 4654 4656 4853 4860 4863 4876 4982 5089 5172 5234 5305 5359 5380 5402 5481 5507 5551 5666
51 2870 3145 3233 3265 3324 3339 3396 3411 3560 3573 3587 3651 3654 3683 3887 4003 4040 4047 4064 4178 4266 4376 4379 4402 4423 4471 4477 4676 4693 4737 4740 4787 4819 4861 4972 5034 5328 5494 5576 5589 5624 5649 5657 5665 5711 5728 5734 5795 5915 5928 5987
46 2995 3117 3123 3179 3198 3210 3295 3306 3323 3405 3518 3537 3541 3556 3610 3644 3648 3774 3785 3813 4028 4127 4223 4316 4371 4420 4424 4610 4614 4763 4786 4854 4899 4939 5004 5364 5469 5558 5560 5575 5593 5650 5678 5736 5779 5823
46 3016 3039 3042 3076 3128 3149 3150 3201 3238 3266 3267 3326 3335 3348 3388 3427 3431 3546 3563 3705 3730 3801 3806 3894 3897 3927 3939 3971 4027 4035 4159 4211 4216 4225 4508 4536 4537 4651 4850 4884 4959 4981 5029 5044 5178 7264
50 3153 3187 3247 3258 3302 3322 3333 3350 3373 3410 3443 3479 3486 3489 3513 3606 3743 4140 4153 4284 4295 4368 4410 4421 4538 4549 4645 4738 4742 4924 4987 4991 5087 5094 5164 5250 5363 5381 5449 5515 5521 5526 5527 5543 5559 5712 5836 5851 5988 6017
52 3155 3183 3190 3209 3216 3235 3260 3264 3268 3283 3291 3292 3332 3346 3417 3420 3429 3481 3487 3506 3565 3637 3798 3839 3982 4120 4139 4167 4232 4244 4365 4389 4404 4441 4464 4491 4595 4606 4626 4675 4912 5011 5016 5158 5225 5275 5372 5374 5375 5418 5681 5698
49 3236 3240 3353 3425 3482 3501 3534 3579 3623 3671 3680 3722 3731 3741 3770 3777 3784 3791 3797 3835 3975 4081 4128 4148 4177 4258 4310 4492 4496 4570 4596 4649 4670 4806 4816 4849 5145 5319 5341 5437 5452 5459 5471 5489 5491 5618 5690 5707 7641
56 3249 3363 3491 3562 3611 3630 3640 3643 3681 3701 3707 3716 3755 3783 3830 3871 3904 4089 4174 4190 4201 4281 4374 4435 4456 4825 4985 4986 5006 5067 5072 5076 5114 5174 5212 5246 5272 5362 5421 5458 5572 5625 5684 5686 5719 5725 5809 5813 5844 5845 5859 5948 5950 5991 6061 8696
46 3256 3288 3361 3383 3385 3442 3462 3536 3557 3558 3604 3625 3647 3675 3678 3742 3825 3850 4002 4101 4132 4179 4180 4199 4213 4276 4280 4332 4340 4509 4648 4704 4706 4752 4778 4846 4859 5088 5140 5155 5173 5221 5256 5257 5280 5453
44 3384 3452 3455 3620 3669 3715 3745 3802 3882 3892 3989 4079 4092 4100 4160 4161 4218 4230 4288 4312 4328 4470 4534 4669 4719 4725 4770 4772 4781 4932 4979 4993 4999 5017 5091 5101 5110 5184 5196 5215 5231 5285 5361 5410
48 3387 3423 3460 3471 3476 3503 3575 3696 3702 3703 3746 3780 3803 4055 4110 4124 4130 4292 4344 4401 4425 4430 4515 4551 4748 4776 4839 4843 4893 4902 5003 5038 5060 5111 5165 5194 5264 5518 5538 5549 5582 5586 5633 5667 5717 5774 5789 5953
45 3440 3448 3492 3496 3505 3519 3524 3582 3612 3619 3667 3711 3724 3865 3905 3908 3925 3986 4021 4136 4147 4215 4277 4317 4335 4378 4414 4434 4493 4557 4609 4653 4711 5078 5143 5203 5358 5445 5536 5548 5569 5609 5621 5729 5738
43 3511 3516 3533 3551 3598 3618 3682 3733 3757 3804 3821 3912 4017 4025 4031 4062 4095 4272 4431 4440 4511 4583 4598 4602 4750 4814 4815 4836 4842 4911 4928 5047 5061 5141 5190 5217 5243 5286 5408 5513 5562 5635 5644
45 3581 3592 3628 3656 3659 3693 3735 3744 3762 3836 3847 3854 4004 4044 4145 4168 4262 4290 4428 4547 4591 4603 4779 4851 5040 5081 5150 5236 5242 5288 5335 5554 5754 5788 5888 5932 5946 5996 6002 6013 6028 6094 6133 6179 6202
51 3590 3632 3665 3679 3694 3763 3764 3844 3851 3858 3934 3984 4117 4134 4137 4158 4163 4243 4334 4375 4382 4383 4417 4546 4578 4700 4838 4847 4865 4868 4946 5043 5103 5139 5179 5271 5414 5544 5641 5709 5764 5776 5812 5864 5907 5918 5960 6008 6012 6051 6491
48 3636 3704 3709 3765 3781 3782 3855 3881 3907 3917 4015 4069 4076 4194 4229 4241 4489 4533 4684 4696 4919 4925 4943 4992 5027 5037 5056 5123 5186 5205 5267 5283 5321 5338 5339 5468 5571 5599 5615 5629 5660 5685 5805 5870 5930 6038 6065 6172
45 3660 3698 3811 3845 3898 3949 3997 4048 4083 4185 4193 4204 4306 4443 4504 4519 4582 4599 4601 4617 4633 4637 4713 4723 4727 4756 4800 4812 4826 4837 4879 4886 4894 4968 5025 5085 5099 5232 5261 5276 5294 5317 5365 5398 5517
48 3720 3756 3772 3827 3856 3866 3899 3919 3951 4001 4030 4126 4251 4264 4289 4363 4413 4444 4544 4565 4612 4658 4667 4743 4761 4829 4845 4862 4934 5001 5013 5098 5131 5419 5630 5697 5745 5866 5871 5922 6066 6076 6103 6169 6181 6217 6235 6246
50 3766 3775 3833 3860 3867 3903 3932 3954 3992 4005 4018 4093 4144 4175 4247 4263 4348 4388 4497 4579 4687 4835 4882 4914 4918 4930 5073 5095 5104 5187 5239 5252 5331 5357 5415 5573 5620 5626 5743 5753 5785 5792 5873 5995 6040 6041 6052 6142 6216 7911
49 3815 3832 3873 3911 3914 3950 3953 4009 4046 4053 4096 4104 4116 4205 4221 4325 4341 4460 4500 4520 4564 4749 4813 4855 4883 4955 4970 5026 5154 5199 5295 5389 5393 5605 5616 5651 5676 5677 5702 5715 5747 5780 5787 5849 5877 5897 5970 6164 8392
50 3831 3922 3987 4067 4084 4165 4192 4278 4302 4313 4358 4377 4385 4446 4527 4542 4577 4774 4823 4833 4952 5000 5015 5048 5075 5122 5191 5248 5287 5340 5422 5631 5923 5929 6089 6109 6116 6196 6209 6222 6251 6293 6303 6305 6332 6377 6442 6546 6588 8909
47 3875 3877 3878 3921 4006 4034 4050 4082 4152 4181 4183 4273 4315 4350 4370 4396 4630 4638 4652 4732 4818 5083 5118 5347 5497 5577 5643 5652 5662 5692 5733 5816 5979 6034 6047 6071 6081 6086 6139 6153 6161 6184 6189 6240 6279 6537 7555
46 3883 3902 3929 3937 3968 3972 4091 4123 4156 4227 4231 4282 4356 4387 4432 4559 4665 4679 4720 4728 4822 5024 5063 5093 5132 5202 5214 5299 5385 5394 5399 5431 5444 5563 5607 5735 5762 5765 5819 5882 5926 6022 6059 6074 6121 6135
43 3991 4068 4217 4239 4279 4311 4323 4395 4588 4694 4724 4726 4782 4785 4988 5192 5200 5249 5265 5306 5332 5346 5356 5464 5487 5594 5617 5627 5640 5656 5663 5710 5722 5824 5872 5936 5937 5985 6011 6029 6055 6088 6090
46 4049 4057 4071 4088 4214 4219 4249 4286 4309 4314 4394 4472 4478 4521 4524 4736 4929 4938 4945 5124 5169 5282 5289 5441 5579 5731 5746 5841 5927 5977 6020 6023 6122 6243 6259 6281 6335 6339 6366 6431 6495 6626 6633 6647 6680 6830
44 4052 4060 4099 4151 4186 4200 4250 4252 4298 4393 4454 4465 4483 4550 4641 4647 4657 4689 5488 5691 5732 5752 5924 5978 6048 6078 6079 6124 6146 6195 6199 6219 6297 6333 6383 6455 6489 6501 6517 6532 6654 6663 6730 6835
39 4065 4066 4115 4166 4195 4248 4304 4307 4355 4452 4457 4566 4691 4792 4856 4857 4864 4892 5137 5162 5198 5219 5230 5268 5270 5426 5447 5463 5602 5623 5814 5902 6019 6053 6068 6157 6264 6271 6405
45 4077 4107 4114 4119 4170 4318 4327 4386 4391 4553 4597 4621 4628 4889 5035 5045 5064 5297 5411 5417 5427 5504 5540 5546 5590 5622 5642 5775 5827 5853 5980 6004 6095 6118 6342 6355 6408 6465 6490 6503 6524 6542 6598 6625 6627
42 4078 4122 4169 4238 4259 4400 4408 4495 4514 4530 4589 4640 4703 4880 4900 4941 4990 5018 5290 5291 5330 5373 5378 5409 5485 5498 5628 5636 5655 5750 5893 5992 6070 6101 6108 6201 6203 6266 6269 6320 6371 6413
53 4141 4182 4303 4349 4392 4415 4436 4474 4486 4487 4545 4562 4575 4874 4888 4898 4921 5096 5106 5281 5420 5428 5438 5450 5477 5505 5541 5567 5614 5741 5773 5899 5931 6035 6043 6140 6144 6194 6239 6254 6289 6317 6324 6327 6358 6360 6397 6404 6498 6513 6561 6576 6632
47 4172 4189 4236 4246 4338 4442 4507 4529 4567 4639 4642 4734 4858 4885 4953 4958 4997 5010 5059 5100 5292 5352 5367 5379 5443 5519 5531 5539 5565 5688 5799 5825 5891 5920 6031 6067 6126 6131 6248 6260 6308 6311 6325 6390 6480 6596 6639
44 4260 4390 4455 4476 4587 4622 4627 4672 4692 4758 4799 4828 4831 4844 4869 4873 4906 5080 5108 5135 5152 5220 5259 5479 5484 5493 5495 5672 5708 5778 5807 5858 5892 5933 5961 5981 6077 6080 6136 6141 6149 6159 6173 6479
46 4322 4397 4398 4481 4535 4607 4629 4655 4677 4716 4795 4942 4948 4969 5058 5068 5070 5279 5309 5327 5451 5664 5689 5695 5718 5720 5790 5943 5958 5982 6039 6106 6270 6372 6529 6549 6589 6608 6662 6688 6709 6832 6833 6842 6865 6898
42 4433 4458 4480 4560 4573 4636 4673 4722 4745 5053 5055 5071 5311 5329 5592 5770 5782 5800 5817 5962 5972 6111 6170 6180 6204 6315 6343 6396 6468 6514 6525 6548 6560 6583 6619 6660 6667 6673 6722 6732 6755 6787
48 4447 4466 4543 4574 4616 4632 4697 4739 4784 4887 4903 4950 5084 5133 5142 5146 5222 5350 5412 5429 5530 5568 5600 5611 5716 5727 5730 5808 5880 5884 5989 6058 6087 6110 6165 6349 6370 6391 6420 6467 6478 6499 6506 6533 6564 6573 6587 7010
48 4467 4469 4473 4568 4660 4715 4757 4777 4926 4975 5052 5074 5090 5119 5121 5314 5382 5404 5533 5761 5767 5786 5804 5842 5956 6050 6104 6288 6307 6336 6394 6401 6526 6536 6541 6579 6602 6631 6636 6704 6751 6762 6776 6783 6784 6806 6843 6906
48 4494 4501 4503 4581 4650 4710 4718 4730 4788 4809 4931 5012 5023 5028 5036 5175 5304 5395 5405 5442 5578 5581 5606 5646 5648 5737 5755 5806 5810 5957 5986 6054 6064 6083 6107 6132 6158 6241 6273 6290 6316 6356 6415 6435 6447 6496 6511 6575
50 4523 4611 4634 4662 4701 4717 4802 4817 4976 5079 5105 5159 5183 5189 5322 5366 5390 5501 5781 5791 5828 5834 5840 5848 5854 5947 6006 6072 6075 6119 6220 6249 6285 6346 6373 6381 6458 6568 6592 6593 6659 6661 6713 6745 6761 6798 6810 6955 7021 9600
46 4661 4671 4751 4769 4937 5031 5082 5126 5138 5171 5176 5301 5343 5407 5434 5440 6085 6114 6253 6378 6398 6414 6591 6629 6930 6977 6991 7069 7079 7083 7098 7143 7170 7198 7211 7250 7255 7301 7303 7306 7376 7396 7435 7470 7471 7502
50 4753 4754 4794 4808 4944 5086 5144 5148 5166 5188 5201 5228 5312 5401 5502 5510 5749 5763 5906 5913 5974 5998 6024 6298 6375 6380 6432 6471 6492 6611 6689 6736 6739 6777 6788 6805 6831 6848 6852 6858 6909 6921 6929 6972 7008 7050 7066 7153 7162 8465
49 4759 4766 4797 4807 4870 4896 4909 4910 4917 4933 5005 5020 5022 5102 5157 5167 5168 5274 5277 5278 5403 5413 5425 5550 5601 5603 5701 5758 5820 5971 6009 6045 6120 6127 6193 6232 6247 6314 6443 6477 6534 6569 6577 6637 6650 6656 6737 6804 7414
43 4760 4764 4765 4773 4803 4824 4834 4867 4983 5116 5177 5223 5253 5293 5496 5508 5597 6025 6082 6098 6145 6388 6433 6451 6521 6621 6628 6649 6678 6695 6768 6803 6834 6855 6880 6886 6911 6943 7029 7094 7178 7194 7207
46 4768 4796 4951 4957 4966 4996 5051 5066 5117 5125 5163 5170 5235 5238 5384 5397 5480 5661 5766 5874 5894 5994 6063 6174 6175 6282 6323 6376 6403 6438 6494 6512 6528 6558 6605 6645 6691 6694 6702 6717 6818 6821 6823 6932 6952 7234
49 4801 4805 4878 4922 5097 5113 5115 5127 5128 5156 5181 5224 5229 5244 5303 5360 5369 5406 5474 5506 5584 5647 5699 5768 5803 5833 5839 6100 6134 6223 6302 6326 6365 6387 6469 6641 6700 6723 6771 6774 6799 6828 6838 6901 6988 7002 7004 7063 7319
54 4804 4830 4904 4989 4994 5077 5112 5129 5153 5207 5226 5251 5298 5307 5323 5353 5376 5396 5433 5512 5523 5637 5659 5687 5704 5793 5811 5818 5830 5847 5852 5869 5909 5993 6147 6156 6350 6384 6653 6714 6724 6758 6775 6827 6870 6917 7052 7090 7106 7107 7123 7165 7187 7341
48 4852 4960 4967 4974 4980 5041 5109 5151 5182 5210 5218 5296 5302 5315 5355 5490 5509 5514 5547 5694 5890 5905 6010 6026 6044 6166 6226 6306 6334 6353 6400 6417 6527 6555 6571 6604 6642 6679 6733 6769 6782 6797 6867 6881 6883 6942 6960 6974
44 4891 4935 4949 5008 5014 5130 5134 5185 5345 5368 5619 5783 5784 5916 5969 5976 6015 6037 6171 6183 6206 6224 6352 6429 6453 6539 6594 6760 6877 6900 6934 6937 6957 7073 7101 7128 7154 7164 7166 7192 7214 7270 7315 7364
47 5030 5049 5069 5195 5206 5233 5258 5308 5313 5318 5348 5424 5439 5748 5757 5821 5838 5843 5856 6033 6178 6187 6272 6337 6399 6426 6448 6624 6644 6837 6850 6904 6905 6938 6949 6964 6987 7017 7360 7440 7453 7463 7474 7478 7533 7534 7577
50 5046 5057 5136 5197 5209 5237 5241 5263 5333 5349 5351 5435 5446 5457 5556 5570 5639 5700 5769 5802 5862 5951 5963 5964 6018 6060 6143 6182 6228 6345 6450 6462 6530 6802 6884 6939 6967 6984 7034 7041 7092 7137 7139 7197 7220 7223 7261 7294 7362 7368
45 5062 5147 5149 5213 5245 5247 5400 5416 5423 5436 5580 5610 5670 5739 5760 5861 5878 5900 5911 6115 6129 6137 6192 6208 6362 6439 6466 6476 6487 6505 6682 6685 6734 6801 6825 6840 6887 6899 6907 6916 6920 6947 6969 7049 7134
43 5160 5254 5262 5310 5448 5456 5478 5499 5542 5587 5596 5742 5822 5879 5904 5983 6138 6176 6213 6291 6321 6338 6418 6518 6607 6617 6712 6725 6789 6839 6853 6896 6903 6913 6981 6986 7019 7048 7089 7100 7215 7272 7527
44 5260 5266 5324 5334 5387 5460 5461 5516 5654 5706 5796 5850 6036 6128 6160 6188 6263 6287 6318 6354 6367 6368 6460 6484 6544 6692 6698 6706 6841 6963 6968 7040 7051 7057 7085 7113 7140 7169 7224 7228 7280 7322 7348 7417
42 5325 5326 5336 5354 5377 5462 5525 5671 5683 5860 5875 6057 6097 6296 6515 6574 6585 6612 6646 6665 6701 6719 6726 6807 6924 6946 6953 6958 7023 7027 7064 7067 7204 7263 7287 7289 7354 7386 7413 7424 7460 7492
43 5370 5383 5388 5467 5472 5476 5520 5522 5585 5682 6000 6049 6162 6167 6215 6277 6385 6434 6449 6454 6552 6772 6846 6895 6998 7013 7053 7127 7141 7193 7254 7269 7302 7339 7342 7411 7457 7477 7517 7521 7537 7540 7996
40 5371 5482 5492 5511 5534 5545 5574 5598 5693 5726 6244 6274 6276 6344 6412 6856 6914 6997 6999 7000 7104 7114 7118 7290 7363 7378 7437 7438 7447 7479 7495 7504 7530 7565 7567 7601 7602 7616 7655 7688
42 5455 5465 5475 5483 5555 5632 5713 5797 5857 5901 6099 6112 6186 6221 6230 6256 6606 6672 6674 6697 6728 6735 6741 6742 6743 6851 6861 6940 6962 6965 7003 7070 7095 7145 7182 7252 7281 7332 7371 7399 7422 7456
44 5500 5503 5528 5529 5557 5566 5583 5612 5696 5714 5759 5772 5863 5887 5935 5975 6069 6225 6252 6386 6486 6508 6510 6670 6696 6786 7044 7102 7129 7133 7208 7225 7241 7266 7420 7451 7454 7498 7505 7520 7544 7553 7559 7747
46 5524 5532 5537 5553 5613 5658 5680 5705 5744 5867 5896 5925 6027 6084 6163 6185 6191 6210 6238 6310 6406 6457 6483 6502 6540 6545 6565 6757 6759 6792 6863 6875 6894 6923 6926 7055 7074 7119 7121 7125 7152 7156 7174 7246 7260 7326
45 5535 5564 5653 5668 5724 5940 6046 6105 6236 6267 6329 6364 6590 6648 6693 6763 6809 6811 6836 6873 6996 7012 7018 7124 7146 7155 7159 7181 7189 7200 7248 7262 7283 7293 7391 7452 7465 7501 7551 7600 7617 7618 7631 7654 7690
46 5552 5588 5595 5608 5669 5751 5794 5826 5829 5910 5912 6007 6205 6212 6218 6233 6268 6357 6456 6581 6582 6601 6684 6716 6721 6749 7007 7236 7271 7273 7314 7325 7372 7398 7434 7444 7445 7512 7523 7524 7583 7595 7604 7608 7652 8618
37 5604 5703 5721 5777 5815 5855 5868 5883 6485 6566 6634 6676 6747 6793 6866 7291 7352 7377 7400 7404 7429 7443 7509 7532 7564 7615 7626 7635 7732 7821 7825 7857 7858 7900 7903 7907 7917
48 5634 5645 5673 5675 5846 5934 5965 5968 5990 6242 6304 6309 6328 6361 6436 6472 6473 6609 6707 6813 6814 6927 6951 6954 7025 7056 7058 7075 7126 7212 7218 7221 7231 7285 7311 7594 7657 7658 7659 7666 7683 7705 7713 7726 7729 7741 7756 7936
44 5740 5881 5886 5895 5945 5949 6177 6280 6286 6295 6300 6312 6331 6409 6708 6773 6800 6878 6915 7043 7077 7088 7099 7171 7184 7206 7217 7292 7333 7350 7366 7403 7425 7469 7497 7562 7619 7644 7647 7677 7697 7718 7722 8114
40 5756 5771 5798 5865 5938 6092 6102 6113 6123 6410 6427 6437 6470 6535 6550 6567 6615 6666 6711 6918 6976 6989 6993 7032 7112 7130 7199 7385 7499 7500 7506 7640 7786 7807 7810 7843 7852 7854 7886 7887
47 5801 5837 5889 5898 5903 5917 5997 5999 6005 6016 6231 6369 6389 6419 6446 6522 6523 6531 6572 6586 6651 6705 6780 6829 6892 6908 6945 7001 7072 7081 7093 7103 7160 7168 7226 7274 7389 7461 7480 7486 7490 7508 7518 7542 7568 7593 7649
50 5832 5876 5908 5967 6030 6032 6073 6125 6168 6299 6341 6359 6393 6538 6559 6584 6630 6690 6715 6820 6849 6862 6882 6893 6941 6948 7005 7033 7035 7167 7172 7196 7210 7357 7373 7446 7535 7548 7582 7665 7669 7687 7711 7717 7730 7731 7764 7772 7774 8194
36 5835 5914 5942 6151 6152 6211 6379 6395 6411 6547 6553 6652 6675 6824 7036 7037 7039 7068 7076 7195 7213 7237 7242 7247 7388 7510 7563 7571 7780 7797 7799 7804 7817 7837 7839 7885
44 5919 5939 5941 5944 5984 6155 6258 6283 6313 6322 6348 6516 6643 6990 6994 7061 7078 7111 7163 7243 7268 7275 7300 7308 7321 7344 7493 7515 7546 7578 7585 7710 7762 7783 7819 7862 7868 7895 7921 7934 7978 7997 8385 8636
38 5952 5966 6003 6117 6150 6237 6255 6262 6292 6452 6554 6616 6752 6826 7045 7190 7209 7305 7334 7345 7370 7549 7554 7557 7558 7591 7628 7632 7684 7685 7814 7818 7827 7856 7861 7908 7947 8307
36 5955 5973 6093 6234 6245 6275 6278 6464 6500 6519 6551 6562 6727 6740 6764 7105 7122 7284 7328 7336 7346 7491 7556 7622 7630 7656 7673 7832 7879 7904 7905 7930 7938 8070 8110 8180
31 5959 6001 6214 6347 6363 6374 6444 6481 6731 6754 6817 6854 6874 6912 7062 7071 7097 7188 7257 7258 7312 7507 7547 7570 7734 7738 7788 7789 7841 7850 7899
44 6021 6062 6154 6250 6284 6407 6421 6459 6580 6618 6622 6686 6738 6744 6750 6795 6847 6860 6872 7009 7059 7150 7157 7233 7238 7265 7276 7307 7310 7353 7365 7410 7428 7433 7476 7550 7599 7627 7686 7714 7746 7770 7775 7796
26 6042 6056 6190 6197 6200 6265 6294 6351 6382 6402 6520 6710 6985 7022 7110 7142 7202 7304 7374 7387 7407 7432 7596 7645 7663 7696
43 6096 6229 6261 6319 6392 6416 6445 6493 6563 6765 6779 6876 7054 7379 7392 7605 7629 7664 7761 7767 7802 7863 7873 7877 7884 7919 7948 8082 8086 8091 8113 8157 8169 8243 8247 8393 8484 8522 8539 8583 8619 8631 8694
41 6130 6198 6227 6257 6425 6475 6482 6509 6578 6600 6657 6658 6753 6815 6944 6971 6979 7046 7082 7091 7108 7267 7282 7288 7298 7431 7514 7573 7624 7634 7646 7716 7736 7749 7754 7791 7801 7805 7806 7820 9478
38 6330 6461 6463 6474 6504 6556 6681 6703 7065 7296 7317 7349 7393 7462 7472 7536 7661 7706 7712 7740 7757 7758 7763 7803 7881 7889 7961 7971 7977 7987 7998 8002 8077 8105 8132 8167 8360 8387
38 6340 6423 6488 6497 6557 6603 6635 6655 6664 6718 6766 6819 7016 7028 7227 7278 7405 7415 7455 7466 7522 7531 7589 7612 7682 7700 7737 7836 7940 7963 7972 7991 8018 8024 8092 8096 8151 9604
41 6424 6543 6595 6597 6620 6623 6677 6699 6746 6816 6822 6859 6902 6919 6978 7024 7038 7117 7131 7135 7330 7340 7355 7459 7586 7587 7623 7676 7779 7920 7945 7954 7956 7967 7968 8011 8060 8061 8068 8225 8548
42 6428 6430 6570 6610 6640 6669 6687 6748 6756 6767 6794 6966 7087 7116 7347 7361 7390 7401 7409 7419 7423 7450 7525 7560 7588 7620 7681 7692 7733 7808 7813 7823 7826 7874 7892 7897 7902 7923 7926 7965 8009 9941
40 6440 6507 6613 6638 6668 6671 6729 6785 6857 6864 6869 6995 7144 7176 7191 7201 7359 7369 7468 7473 7484 7503 7651 7701 7702 7725 7739 7750 7778 7829 7834 7848 7913 7933 7951 7966 7970 8037 8062 8265
35 6599 6683 6720 6770 6778 6790 6844 6868 6922 7086 7149 7240 7316 7483 7660 7670 7680 7727 7771 7809 7831 7893 7962 8029 8034 8041 8045 8075 8100 8117 8146 8187 8195 8216 8395
42 6781 6791 6796 6871 6889 6910 6925 7026 7249 7327 7381 7406 7489 7526 7592 7597 7610 7672 7816 7838 7846 7859 8007 8031 8051 8056 8059 8069 8102 8126 8160 8179 8219 8241 8244 8305 8416 8501 8514 8596 8629 9784
40 6808 6812 6845 6879 6888 6890 6928 6935 6936 6961 7020 7286 7719 7769 7790 7870 7981 7993 8004 8013 8047 8089 8094 8109 8116 8119 8133 8138 8156 8163 8188 8252 8275 8302 8363 8376 8402 8409 8443 8670
45 6885 6891 6897 6931 6959 6970 6973 7011 7120 7147 7151 7158 7185 7299 7338 7356 7513 7580 7598 7614 7709 7753 7766 7776 7785 7792 7795 7888 7898 7943 7959 7964 8010 8014 8030 8032 8058 8081 8164 8270 8290 8298 8317 8351 9138
41 6933 6950 6956 6980 6983 7042 7060 7180 7203 7239 7375 7441 7572 7671 7693 7703 7765 7811 7824 7830 7844 7853 7909 7912 7994 8023 8028 8048 8054 8065 8088 8104 8112 8192 8197 8485 8487 8585 8683 8771 9343
37 6975 6982 6992 7014 7084 7183 7253 7279 7408 7412 7464 7467 7541 7561 7675 7691 7743 7835 7847 7860 7882 7924 7932 7975 7999 8016 8021 8043 8084 8165 8174 8228 8236 8240 8268 8314 8470
37 7006 7015 7030 7109 7244 7351 7383 7430 7436 7621 7768 7777 7800 7891 7925 7942 7958 7983 7989 8008 8015 8066 8107 8161 8181 8209 8229 8287 8306 8343 8516 8542 8574 8589 8682 8784 9204
42 7031 7047 7115 7161 7173 7177 7232 7259 7637 7650 7866 7878 7931 8040 8042 8055 8067 8106 8137 8140 8148 8158 8196 8230 8233 8300 8301 8340 8342 8344 8382 8388 8408 8433 8515 8535 8567 8660 8749 8750 8768 8799
40 7080 7096 7148 7219 7230 7295 7367 7416 7482 7488 7538 7607 7745 7748 7812 7815 7875 7876 7928 7939 7941 7949 7953 8035 8064 8071 8079 8101 8127 8136 8202 8203 8218 8272 8353 8374 8412 8479 8640 8945
42 7132 7175 7245 7335 7481 7516 7575 7603 7723 7952 7974 7976 7980 8000 8001 8005 8025 8122 8142 8185 8189 8200 8226 8269 8291 8313 8321 8354 8357 8428 8449 8664 8738 8742 8747 8763 8823 8891 8895 8898 8932 9212
37 7136 7179 7216 7222 7309 7323 7329 7485 7581 7668 7679 7751 7755 7784 7869 7906 7935 7950 7973 8038 8087 8095 8098 8173 8312 8326 8632 8648 8685 8695 8712 8776 8782 8819 8879 9192 9410
42 7138 7186 7205 7235 7251 7331 7394 7397 7442 7667 7715 7773 7840 7872 7916 7927 7955 7990 8020 8115 8124 8129 8135 8139 8155 8171 8186 8198 8199 8208 8212 8280 8308 8323 8510 8520 8533 8555 8582 8715 8753 9163
42 7229 7256 7297 7313 7395 7402 7458 7475 7543 7728 7842 7845 7880 7960 7988 8123 8131 8144 8145 8149 8168 8175 8190 8210 8217 8221 8259 8271 8303 8304 8359 8427 8456 8527 8554 8559 8658 8731 8743 8744 8805 8964
41 7277 7337 7343 7358 7380 7384 7449 7519 7528 7721 7944 8006 8154 8182 8211 8213 8214 8215 8231 8248 8254 8279 8295 8310 8333 8336 8367 8379 8397 8430 8451 8622 8633 8637 8846 8893 8928 8959 8978 9015 9018
43 7318 7320 7324 7421 7487 7636 7699 7957 7986 8012 8093 8178 8201 8224 8258 8260 8278 8329 8341 8362 8370 8420 8459 8525 8563 8570 8600 8626 8719 8735 8739 8788 8902 8981 9080 9113 9164 9293 9296 9330 9452 9481 9577
31 7382 7439 7496 7566 7579 7625 7742 7752 7910 8050 8076 8150 8206 8245 8253 8255 8319 8396 8403 8444 8474 8557 8635 8690 8729 8803 8810 8830 8880 8887 9307
37 7418 7511 7574 7613 7695 7787 7794 7798 7864 8063 8261 8327 8368 8375 8381 8389 8418 8437 8448 8455 8476 8498 8578 8587 8662 8684 8818 8929 8940 8987 9023 9030 9064 9152 9188 9255 9558
49 7426 7539 7569 7606 7638 7648 7744 7985 7992 8108 8176 8234 8239 8249 8251 8263 8264 8318 8330 8335 8337 8345 8371 8378 8426 8475 8480 8495 8529 8537 8571 8580 8612 8643 8676 8703 8785 8789 8802 8836 8845 8935 8953 8986 9045 9094 9100 9161 9354
36 7427 7448 7494 7529 7552 7611 7707 7865 7896 7915 8022 8036 8147 8153 8159 8191 8222 8223 8242 8276 8283 8288 8331 8361 8380 8405 8411 8556 8576 8606 8672 8708 8770 8774 8816 9346
39 7545 7633 7782 7918 8017 8073 8074 8193 8277 8410 8417 8423 8441 8460 8462 8466 8482 8509 8550 8597 8599 8614 8667 8671 8692 8704 8853 9013 9063 9201 9205 9374 9476 9517 9613 9705 9802 9838 9914
48 7576 7642 7662 7704 7708 7720 7883 7890 8003 8130 8273 8328 8349 8365 8398 8458 8511 8562 8573 8604 8605 8611 8686 8722 8732 8759 8764 8773 8804 8827 8839 8856 8930 9000 9009 9048 9061 9062 9069 9101 9148 9285 9398 9444 9474 9505 9527 9700
43 7584 7609 7639 7643 7674 7689 7694 7698 7724 7867 7894 8027 8046 8111 8204 8235 8238 8262 8274 8284 8294 8296 8332 8334 8338 8348 8422 8425 8461 8491 8496 8524 8531 8716 8748 8772 8777 8779 8792 8916 8918 8941 9358
41 7653 7781 7822 7929 8026 8049 8052 8072 8257 8266 8281 8285 8292 8316 8358 8369 8384 8390 8436 8489 8490 8497 8519 8534 8608 8656 8674 8806 8809 8811 9004 9022 9025 9099 9347 9463 9573 9580 9607 9643 9827
42 7678 7735 7760 7793 7871 7922 7969 7982 8053 8120 8162 8293 8320 8322 8377 8391 8413 8435 8446 8512 8558 8560 8601 8610 8707 8800 8817 8868 8900 8922 8985 9020 9032 9082 9112 9134 9353 9422 9423 9431 9438 9510
43 7828 7855 7937 7946 7979 8170 8415 8432 8464 8488 8517 8541 8581 8603 8623 8659 8661 8755 8761 8762 8780 8796 8837 8843 8866 8869 8921 8923 8951 9026 9028 9034 9065 9074 9124 9143 9244 9535 9542 9544 9555 9650 9697
41 7833 7851 7901 7984 8044 8080 8083 8134 8166 8237 8250 8256 8289 8309 8325 8347 8350 8352 8355 8373 8401 8414 8419 8429 8452 8457 8467 8473 8508 8521 8647 8706 8736 8955 8965 8979 9001 9003 9071 9109 9556
44 7849 7914 7995 8039 8078 8118 8143 8282 8438 8439 8445 8471 8478 8486 8493 8528 8532 8552 8616 8639 8675 8691 8713 8757 8758 8767 8795 8863 8881 8888 8905 8998 9036 9176 9181 9193 9208 9320 9563 9579 9615 9645 9724 9741
42 8033 8057 8085 8121 8125 8207 8566 8584 8594 8609 8638 8641 8655 8668 8689 8728 8734 8769 8775 8807 8860 8867 8942 8982 8984 8996 9105 9114 9125 9132 9146 9167 9221 9277 9335 9342 9679 9774 9828 9829 9841 9918
39 8090 8128 8152 8183 8400 8503 8526 8553 8569 8588 8628 8677 8801 8813 8814 8878 8883 8926 8972 8999 9011 9017 9070 9088 9137 9195 9206 9210 9226 9306 9331 9377 9557 9572 9586 9698 9767 9768 9770
42 8097 8099 8172 8177 8267 8286 8297 8324 8339 8421 8442 8454 8463 8469 8477 8483 8499 8505 8507 8536 8538 8591 8621 8630 8650 8688 8702 8705 8720 8822 8825 8838 8852 8962 8994 9041 9170 9349 9383 9388 9404 9418
35 8103 8184 8205 8227 8346 8356 8481 8494 8500 8506 8518 8577 8593 8602 8617 8665 8666 8721 8752 8787 8847 8908 8947 8973 9102 9142 9171 9198 9225 9253 9582 9710 9778 9847 9982
47 8141 8220 8246 8315 8364 8404 8513 8540 8543 8565 8575 8634 8645 8687 8700 8783 8794 8832 8844 8855 8859 8886 8915 8975 9021 9040 9046 9144 9162 9199 9234 9245 9259 9269 9301 9318 9508 9524 9633 9637 9642 9687 9723 9731 9748 9782 9837
43 8299 8366 8386 8399 8431 8530 8547 8549 8564 8572 8620 8627 8642 8652 8760 8808 8815 8821 8824 8826 8842 8864 8871 8882 8901 8960 8997 9005 9016 9083 9085 9086 9108 9265 9291 9450 9523 9620 9759 9765 9786 9799 9932
32 8372 8383 8407 8447 8657 8681 8711 8727 8828 8848 8874 8943 8967 8976 8989 9010 9072 9119 9209 9323 9337 9341 9373 9402 9479 9536 9550 9638 9686 9886 9894 9900
37 8394 8424 8434 8590 8625 8649 8679 8680 8798 8840 8857 8861 8899 8925 9002 9060 9081 9091 9098 9122 9169 9262 9266 9295 9319 9333 9357 9364 9486 9539 9576 9805 9904 9916 9968 9991 9995
34 8406 8440 8592 8651 8663 8718 8737 8741 8791 8812 8876 8889 8894 9012 9035 9068 9118 9160 9177 9196 9197 9252 9264 9276 9297 9316 9345 9386 9468 9493 9503 9924 9948 9978
38 8450 8453 8468 8504 8523 8579 8586 8613 8615 8624 8646 8673 8723 8944 8988 9029 9043 9135 9233 9250 9283 9292 9299 9355 9396 9401 9432 9449 9496 9514 9631 9819 9878 9905 9912 9927 9962 9971
31 8472 8492 8693 8746 8756 8873 8904 8912 8917 8931 8956 9007 9008 9047 9050 9066 9140 9156 9214 9230 9237 9271 9275 9305 9348 9399 9667 9713 9934 9947 9987
38 8502 8545 8546 8678 8699 8766 8820 8865 8897 8913 8920 9044 9078 9093 9110 9127 9178 9187 9218 9261 9279 9344 9381 9400 9409 9421 9487 9509 9518 9530 9532 9541 9597 9605 9623 9722 9840 9977
42 8544 8551 8568 8710 8717 8733 8745 8751 8765 8778 8790 8831 8911 8914 8974 8993 9051 9057 9092 9179 9185 9207 9222 9232 9290 9312 9387 9405 9419 9429 9471 9511 9521 9574 9578 9603 9608 9691 9849 9865 9950 9953
32 8561 8854 8934 8949 8950 8966 8992 9027 9055 9121 9165 9172 9182 9220 9254 9281 9300 9372 9414 9434 9455 9507 9564 9570 9596 9598 9659 9706 9726 9758 9801 9843
37 8595 8607 8653 8654 8697 8701 8714 8726 8754 8793 8834 8862 8877 8892 8907 8938 8939 8963 8990 9024 9077 9103 9174 9239 9294 9298 9313 9369 9379 9433 9472 9610 9661 9788 9869 9882 9958
42 8598 8644 8669 8698 8740 8781 8797 8829 8833 8872 8910 8924 8933 8937 9006 9056 9067 9087 9089 9090 9116 9158 9217 9256 9325 9411 9426 9465 9473 9480 9512 9516 9519 9569 9602 9652 9715 9766 9863 9866 9873 9969
35 8709 8730 8786 8835 8841 8884 8906 8954 8970 9107 9133 9149 9186 9203 9231 9247 9249 9287 9303 9334 9359 9390 9424 9448 9469 9513 9525 9534 9551 9566 9611 9639 9649 9657 9813
33 8724 8850 8851 8870 8875 8885 8890 8936 8957 8958 8968 8991 9059 9084 9126 9153 9173 9216 9228 9278 9280 9311 9326 9389 9427 9528 9647 9676 9684 9749 9834 9881 9903
32 8725 8858 8948 8952 8969 8980 9019 9042 9052 9095 9139 9147 9184 9272 9289 9308 9314 9317 9327 9332 9370 9458 9464 9466 9547 9587 9595 9614 9682 9744 9789 9945
31 8849 8896 8903 8919 8927 8977 9033 9076 9079 9096 9097 9183 9235 9240 9260 9267 9309 9365 9367 9430 9453 9483 9553 9560 9567 9626 9641 9644 9656 9663 9680
30 8946 8961 8971 9075 9104 9120 9129 9251 9263 9268 9350 9380 9425 9436 9437 9529 9548 9628 9655 9668 9673 9674 9717 9776 9823 9846 9897 9920 9926 9965
29 8983 8995 9037 9039 9073 9115 9123 9190 9223 9241 9270 9274 9363 9368 9412 9497 9545 9616 9630 9671 9709 9730 9779 9783 9807 9875 9911 9938 9972
31 9014 9031 9117 9128 9130 9131 9200 9229 9238 9302 9310 9324 9338 9339 9375 9482 9490 9501 9552 9588 9609 9617 9624 9653 9693 9701 9711 9746 9775 9859 9879
22 9038 9136 9150 9219 9242 9258 9315 9329 9362 9376 9526 9575 9593 9618 9651 9664 9666 9683 9796 9867 9901 9944
24 9049 9053 9054 9166 9175 9224 9286 9322 9356 9391 9393 9406 9415 9420 9500 9502 9654 9672 9681 9712 9734 9893 9896 9981
28 9058 9106 9141 9155 9157 9202 9227 9236 9273 9304 9382 9394 9395 9439 9442 9451 9562 9660 9677 9689 9694 9704 9707 9716 9736 9830 9929 9985
19 9111 9282 9360 9417 9440 9441 9459 9484 9485 9533 9554 9762 9771 9793 9809 9824 9844 9845 9931
19 9145 9151 9284 9328 9408 9416 9428 9454 9462 9467 9531 9733 9737 9750 9763 9769 9876 9923 9999
21 9159 9168 9243 9257 9361 9385 9477 9489 9491 9499 9658 9720 9728 9739 9757 9794 9852 9877 9922 9928 9946
14 9180 9215 9246 9288 9447 9522 9549 9585 9708 9745 9839 9857 9919 9983
24 9189 9194 9211 9213 9248 9336 9352 9366 9378 9384 9397 9407 9456 9457 9461 9495 9634 9690 9703 9729 9810 9935 9996 9998
17 9191 9321 9340 9443 9446 9506 9515 9520 9537 9571 9583 9619 9753 9760 9780 9792 9800
19 9351 9371 9435 9445 9460 9470 9492 9494 9565 9599 9675 9795 9815 9818 9821 9833 9862 9902 9959
12 9392 9488 9538 9559 9568 9590 9629 9640 9648 9842 9908 9952
17 9413 9475 9498 9504 9540 9546 9622 9725 9781 9798 9808 9812 9835 9855 9871 9906 9964
16 9543 9561 9584 9589 9591 9592 9606 9632 9761 9772 9773 9831 9892 9909 9954 9976
14 9581 9594 9601 9612 9621 9625 9665 9803 9864 9870 9885 9889 9910 9917
12 9627 9669 9678 9719 9721 9790 9848 9851 9853 9854 9883 9921
15 9635 9636 9732 9735 9752 9754 9825 9880 9898 9939 9949 9970 9973 9979 9993
7 9646 9743 9755 9785 9884 9963 9974
13 9662 9685 9699 9702 9751 9777 9856 9907 9915 9936 9975 9989 9994
13 9670 9688 9718 9727 9747 9756 9791 9816 9836 9874 9899 9943 9986
7 9692 9695 9787 9850 9891 9940 9961
11 9696 9714 9740 9797 9804 9806 9811 9817 9937 9955 9990
6 9738 9742 9764 9820 9942 9984
5 9814 9826 9868 9933 9966
10 9822 9832 9858 9887 9913 9930 9951 9956 9967 9980
6 9861 9872 9890 9957 9960 9988
1 9888
2 9925 9992
0
0
0
0
0
0
0
0
0
0
0
0
0
0
0
0
0
0
0
0
0
0
0
0
0
0
0
0
0
0
0
0
0
0
0
0
0
0
0
0
0
0
0
0
0
0
0
0
0
0
0
0
0
0
0
0
0
0
0
0
0
0
0
0
0
0
0
0
0
0
0
0
0
0
0
0
0
0
0
0
0
0
0
0
0
0
0
